<?xml version="1.0" encoding="UTF-8"?>
<testng-results skipped="0" failed="0" ignored="0" total="0" passed="0">
  <reporter-output>
  </reporter-output>
  <suite name="Siddhi-Io-MgwFile-Test-Suite" duration-ms="5" started-at="2018-07-14T17:55:53Z" finished-at="2018-07-14T17:55:53Z">
    <groups>
    </groups>
    <test name="Siddhi-io-mgwfile-tests" duration-ms="5" started-at="2018-07-14T17:55:53Z" finished-at="2018-07-14T17:55:53Z">
    </test> <!-- Siddhi-io-mgwfile-tests -->
  </suite> <!-- Siddhi-Io-MgwFile-Test-Suite -->
</testng-results>
